[Message:   BepInEx] BepInEx 5.4.21.0 - REPO (10.05.2025 9:14:36)
[Info   :   BepInEx] Running under Unity v2022.3.21.12519882
[Info   :   BepInEx] CLR runtime version: 4.0.30319.42000
[Info   :   BepInEx] Supports SRE: True
[Info   :   BepInEx] System platform: Bits64, Windows
[Message:   BepInEx] Preloader started
[Info   :   BepInEx] Loaded 1 patcher method from [BepInEx.Preloader 5.4.21.0]
[Info   :   BepInEx] 1 patcher plugin loaded
[Info   :   BepInEx] Patching [UnityEngine.CoreModule] with [BepInEx.Chainloader]
[Message:   BepInEx] Preloader finished
[Message:   BepInEx] Chainloader ready
[Message:   BepInEx] Chainloader started
[Info   :   BepInEx] 23 plugins to load
[Warning:   BepInEx] Plugin [ChatClipboard 1.0.0] targets a wrong version of BepInEx (5.4.23.2) and might not work until you update
[Info   :   BepInEx] Loading [REPO_HD 1.0.3]
[Info   :   REPO_HD] Applying Harmony patches
[Info   :   REPO_HD] Patched ExtractionPoint.Start
[Info   :   REPO_HD] Patched GraphicsManager.UpdateRenderSize
[Info   :   REPO_HD] Patched RenderTextureMain.Start
[Info   :   REPO_HD] Patched RenderTextureMain.Update
[Info   :   REPO_HD] 4 patches applied
[Info   :   BepInEx] Loading [REPOLib 2.1.0]
[Info   :   REPOLib] REPOLib has awoken!
[Info   :   REPOLib] Loading bundle at C:\Users\dygdy\AppData\Roaming\r2modmanPlus-local\REPO\profiles\Default\BepInEx\plugins\AriIcedT-YippeeDuckEnemy\YippeeDuckEnemy.repobundle...
[Info   :   REPOLib] Loading bundle at C:\Users\dygdy\AppData\Roaming\r2modmanPlus-local\REPO\profiles\Default\BepInEx\plugins\Rangerbb275-REPOing_Valuables\REPOing_Valuables.repobundle...
[Info   :   REPOLib] Loading bundle at C:\Users\dygdy\AppData\Roaming\r2modmanPlus-local\REPO\profiles\Default\BepInEx\plugins\Tolian-Tolian_Levels\vaultline.repobundle...
[Info   :   BepInEx] Loading [CustomColors 1.0.0]
[Info   :CustomColors] Plugin CustomColors is loaded!
[Info   :   BepInEx] Loading [MoreUpgrades 1.4.8]
[Message:MoreUpgrades] MoreUpgrades has started.
[Info   :   BepInEx] Loading [ChatClipboard 1.0.0]
[Info   :ChatClipboard] ChatClipBoard loaded!
[Info   :   BepInEx] Loading [MoreHeadUtilities 1.0.0]
[Info   :MoreHeadUtilities] Harmony patches applied.
[Info   :   BepInEx] Loading [wideScreenSupport 1.0.5]
[Info   :wideScreenSupport] wideScreenSupport is loaded!
[Info   :   BepInEx] Loading [REPOGambling 1.5.7]
[Info   :REPOGambling] Embedded resource: REPOGambling.gamblingbundle
[Info   :REPOGambling] [REPOGambling] Loaded module prefab: assets/repo/game/resources/level/shop/modules/module - shop - de - gambling room.prefab
[Info   :REPOGambling] [REPOGambling] Loaded module prefab: assets/repo/game/resources/level/shop/modules/module - shop - de - solo slot.prefab
[Info   :REPOGambling] [REPOGambling] Loaded module prefab: assets/repo/game/resources/level/shop/modules/module - shop - de - solo wheel.prefab
[Info   :REPOGambling] Registering Module - Shop - DE - Gambling Room
[Info   :REPOGambling] Registering Module - Shop - DE - Solo Slot
[Info   :REPOGambling] Registering Module - Shop - DE - Solo Wheel
[Info   :REPOGambling] DirtyGames.REPOGambling v1.5.7 has loaded!
[Info   :   BepInEx] Loading [DeadTTS 1.0.12]
[Info   :DeadTTS-1.0.12] Binding Configs
[Info   :DeadTTS-1.0.12] DeadTTS loaded
[Info   :   BepInEx] Loading [XUnity Auto Translator 5.4.4]
[Info   :XUnity.AutoTranslator] Version of TextMesh Pro: 1.4.0.
[Warning:  HarmonyX] AccessTools.Method: Could not find method for type TMPro.TMP_Text and name SetCharArray and parameters (int[], int, int)
[Warning:XUnity.AutoTranslator] Could not hook 'TMP_Text_SetCharArray_Hook3'. Likely due differences between different versions of the engine or text framework.
[Info   :XUnity.AutoTranslator] Loaded XUnity.AutoTranslator into Unity [2022.3.21f1] game.
[Info   :   BepInEx] Loading [XUnity Resource Redirector 2.1.0]
[Info   :   BepInEx] Loading [espeakTTS 0.2.3]
[Info   : espeakTTS] Trying to initialize the dictionnary from this location: C:\Users\dygdy\AppData\Roaming\r2modmanPlus-local\REPO\profiles\Default\BepInEx\plugins\Lavighju-espeakTTS
[Info   : espeakTTS] Lavighju.espeakTTS v0.2.3 has successfully loaded
[Info   :   BepInEx] Loading [RoboUnion 0.4]
[Info   : RoboUnion] Linkoid.Repo.RoboUnion v0.4 has loaded!
[Info   :   BepInEx] Loading [MapValueTracker 1.3.0]
[Info   :MapValueTracker] Plugin MapValueTracker is loaded!
[Info   :   BepInEx] Loading [MoreHead 1.4.1]
[Message:  MoreHead] 

 ███▄ ▄███▓ ▒█████   ██▀███  ▓█████  ██░ ██ ▓█████ ▄▄▄      ▓█████▄ 
▓██▒▀█▀ ██▒▒██▒  ██▒▓██ ▒ ██▒▓█   ▀ ▓██░ ██▒▓█   ▀▒████▄    ▒██▀ ██▌
▓██    ▓██░▒██░  ██▒▓██ ░▄█ ▒▒███   ▒██▀███░▒███  ▒██  ▀█▄  ░██   █▌
▒██    ▒██ ▒██   ██░▒███▀█▄  ▒▓█  ▄ ░▓█ ░██ ▒▓█  ▄░██▄▄▄▄██ ░▓█▄   ▌
▒██▒   ░██▒░ ████▓▒░░██▓ ▒██▒░▒████▒░▓█▒░██▓░▒████▒▓█   ▓██▒░▒████▓   v1.4.1
░ ▒░   ░  ░░ ▒░▒░▒░ ░ ▒▓ ░▒▓░░░ ▒░ ░ ▒ ░░▒░▒░░ ▒░ ░▒▒   ▓▒█░ ▒▒▓  ▒ 
░  ░      ░  ░ ▒ ▒░   ░▒ ░ ▒░ ░ ░  ░ ▒ ░▒░ ░ ░ ░  ░ ▒   ▒▒ ░ ░ ▒  ▒ 
░      ░   ░ ░ ░ ▒    ░░   ░    ░    ░  ░░ ░   ░    ░   ▒    ░ ░  ░ 
       ░       ░ ░     ░        ░  ░ ░  ░  ░   ░  ░     ░  ░   ░    

[Info   :  MoreHead] 黑名单管理器初始化完成，已加载 0 个黑名单项
[Info   :  MoreHead] 正在初始化装饰物管理器...
[Warning:  MoreHead] 检测到显示名称重复，将显示名称从 Brain 修改为 Brain(1)
[Warning:  MoreHead] 检测到显示名称重复，将显示名称从 Skull 修改为 Skull(1)
[Warning:  MoreHead] 检测到显示名称重复，将显示名称从 Wings3 修改为 Wings3(1)
[Warning:  MoreHead] 检测到重名，将基础名称从 Brain 修改为 Brain(1)
[Warning:  MoreHead] 检测到显示名称重复，将显示名称从 Brain 修改为 Brain(2)
[Warning:  MoreHead] 检测到显示名称重复，将显示名称从 Cat Ears 修改为 Cat Ears(1)
[Info   :  MoreHead] 装饰物管理器初始化完成，共加载了 981 个装饰物
[Info   :  MoreHead] 已从JSON加载配置，包含 985 个装饰物状态
[Info   :   BepInEx] Loading [More Shop Items 1.3.3]
[Info   :More Shop Items] 
 __  __               ___ _               ___ _                
|  \/  |___ _ _ ___  / __| |_  ___ _ __  |_ _| |_ ___ _ __  ___
| |\/| / _ \ '_/ -_) \__ \ ' \/ _ \ '_ \  | ||  _/ -_) '  \(_-<
|_|  |_\___/_| \___| |___/_||_\___/ .__/ |___|\__\___|_|_|_/__/
                                  |_|                    v1.3.3

[Info   :   BepInEx] Loading [Menu Lib 2.4.1]
[Info   :   BepInEx] Loading [REPOConfig 1.2.2]
[Info   :   BepInEx] Loading [Late Join 0.1.2]
[Info   :   BepInEx] Loading [Shop Items spawn in Level 1.7.17]
[Info   :Shop Items spawn in Level] Plugin REPO_Shop_Items_in_Level is loaded!
[Info   :Shop Items spawn in Level] Harmony patches applied!
[Info   :   BepInEx] Loading [RepoRoles 2.0.4]
[Info   :reporoles.mod] Init
[Info   :   REPOLib] Loading bundle at C:\Users\dygdy\AppData\Roaming\r2modmanPlus-local\REPO\profiles\Default\BepInEx\plugins\BobisMods-REPORoles\REPORoles_assets2...
[Info   :   BepInEx] Loading [RTLC Russian Translate 1.0]
[Message:RTLC Russian Translate] 
  _____ _____ _      _____ 
 |  __ \_   _| |    / ____|
 | |__) || | | |   | |     
 |  _  / | | | |   | |     
 | | \ \_| |_| |___| |____ 
 |_|  \_\_____|______\_____|
            Russian Translate

[Info   :RTLC Russian Translate] [RTLC] Инициализация русских шрифтов...
[Info   :RTLC Russian Translate] Русский шрифт успешно загружен: RTLC_Russian
[Info   :RTLC Russian Translate] [RTLC] Шрифты успешно подключены!
[Info   :   BepInEx] Loading [R.E.P.O. Sync Host Upgrades 1.0.0]
[Info   :R.E.P.O. Sync Host Upgrades] SyncHostUpgrades loaded!
[Message:   BepInEx] Chainloader startup complete
[Info   :RTLC Russian Translate] Добавлен русский шрифт к резервным шрифтам LiberationSans SDF - Fallback
[Info   :RTLC Russian Translate] Добавлен русский шрифт к резервным шрифтам Teko-VariableFont_wght SDF 1
[Info   :RTLC Russian Translate] Добавлен русский шрифт к резервным шрифтам RobotoMono-Thin SDF
[Info   :RTLC Russian Translate] Добавлен русский шрифт к резервным шрифтам Dirt Finder Complete
[Info   :RTLC Russian Translate] Добавлен русский шрифт к резервным шрифтам LiberationSans SDF
[Info   :   REPOLib] Initializing NetworkPrefabs.
[Info   :   REPOLib] Replaced PhotonNetwork.PrefabPool with CustomPrefabPool.
[Info   :   REPOLib] Finished initializing NetworkPrefabs.
[Info   :   REPOLib] Adding levels.
[Info   :   REPOLib] Adding valuables to valuable presets.
[Info   : RoboUnion] Creating PhotonWatchdog
[Info   :   REPOLib] Adding items.
[Info   :  MoreHead] 数据缓存初始化完成
[Info   :  MoreHead] MoreHead UI已初始化
[Info   :  MoreHead] 已初始化装备方案快捷键监听器
[Info   :XUnity.AutoTranslator] Skipping plugin scan because no plugin-specific translations has been registered.
[Warning:   REPOLib] Failed to fix AudioMixerGroup on GameObject "YippeeDuck/Audio Source Attack". No AudioMixerGroup is assigned.
[Warning:   REPOLib] Failed to fix AudioMixerGroup on GameObject "YippeeDuck/Audio Source Stun". No AudioMixerGroup is assigned.
[Warning:   REPOLib] Failed to fix AudioMixerGroup on GameObject "YippeeDuck/Audio Source Fly". No AudioMixerGroup is assigned.
[Info   :Shop Items spawn in Level] Initializing disallowed items list
[Info   :RTLC Russian Translate] Добавлен русский шрифт к резервным шрифтам Teko-VariableFont_wght SDF 1
[Warning:   REPOLib] Proxy preset "Valuables - Generic" in level "Level - Vaultline" contains valuables! This likely caused duplicate valuables to load!
[Warning:   REPOLib] Proxy preset "Valuables - Manor" in level "Level - Vaultline" contains valuables! This likely caused duplicate valuables to load!
[Info   :   REPOLib] Finished loading bundles.
[Info   :   REPOLib] Finished initializing custom commands.
[Info   :   REPOLib] Adding items.
